g:\github\bogdandatabase\bogdancpp\debug\bogdancpp.deleteconfirmationform.resources
g:\github\bogdandatabase\bogdancpp\debug\bogdancpp.infoform.resources
g:\github\bogdandatabase\bogdancpp\debug\bogdancpp.mainform.resources
g:\github\bogdandatabase\bogdancpp\debug\vc141.pdb
g:\github\bogdandatabase\bogdancpp\debug\.netframework,version=v4.5.assemblyattributes.obj
g:\github\bogdandatabase\bogdancpp\debug\.netframework,version=v4.5.assemblyattributes.asm
g:\github\bogdandatabase\bogdancpp\debug\mainform.obj
g:\github\bogdandatabase\bogdancpp\debug\deleteconfirmationform.obj
g:\github\bogdandatabase\bogdancpp\debug\infoform.obj
g:\github\bogdandatabase\debug\bogdandatabase.exe
g:\github\bogdandatabase\debug\bogdandatabase.pdb
g:\github\bogdandatabase\bogdancpp\debug\bogdancpp.vcxproj.generateresource.cache
g:\github\bogdandatabase\bogdancpp\debug\bogdancpp.vcxprojassemblyreference.cache
g:\github\bogdandatabase\bogdancpp\debug\bogdandatabase.tlog\bogdandatabase.write.1u.tlog
g:\github\bogdandatabase\bogdancpp\debug\bogdandatabase.tlog\cl.command.1.tlog
g:\github\bogdandatabase\bogdancpp\debug\bogdandatabase.tlog\cl.read.1.tlog
g:\github\bogdandatabase\bogdancpp\debug\bogdandatabase.tlog\cl.write.1.tlog
g:\github\bogdandatabase\bogdancpp\debug\bogdandatabase.tlog\link.command.1.tlog
g:\github\bogdandatabase\bogdancpp\debug\bogdandatabase.tlog\link.read.1.tlog
g:\github\bogdandatabase\bogdancpp\debug\bogdandatabase.tlog\link.write.1.tlog
g:\github\bogdandatabase\bogdancpp\debug\bogdandatabase.tlog\metagen.read.1.tlog
g:\github\bogdandatabase\bogdancpp\debug\bogdandatabase.tlog\metagen.write.1.tlog
